<?xml version="1.0" encoding="UTF-8"?>
<testng-results skipped="0" failed="1" ignored="0" total="2" passed="1">
  <reporter-output>
  </reporter-output>
  <suite name="Default suite" duration-ms="105949" started-at="2019-01-31T10:36:17Z" finished-at="2019-01-31T10:38:03Z">
    <groups>
    </groups>
    <test name="Default test" duration-ms="105949" started-at="2019-01-31T10:36:17Z" finished-at="2019-01-31T10:38:03Z">
      <class name="com.ebay.testcases.TC_001VerifyIfSerachHasResults">
        <test-method status="PASS" signature="setup()[pri:0, instance:com.ebay.testcases.TC_001VerifyIfSerachHasResults@527740a2]" name="setup" is-config="true" duration-ms="291" started-at="2019-01-31T10:36:16Z" finished-at="2019-01-31T10:36:17Z">
          <reporter-output>
          </reporter-output>
        </test-method> <!-- setup -->
        <test-method status="PASS" signature="startApp()[pri:0, instance:com.ebay.testcases.TC_001VerifyIfSerachHasResults@527740a2]" name="startApp" is-config="true" duration-ms="12205" started-at="2019-01-31T10:36:17Z" finished-at="2019-01-31T10:36:29Z">
          <reporter-output>
          </reporter-output>
        </test-method> <!-- startApp -->
        <test-method status="PASS" signature="SignIn()[pri:0, instance:com.ebay.testcases.TC_001VerifyIfSerachHasResults@527740a2]" name="SignIn" is-config="true" duration-ms="39310" started-at="2019-01-31T10:36:29Z" finished-at="2019-01-31T10:37:08Z">
          <reporter-output>
          </reporter-output>
        </test-method> <!-- SignIn -->
        <test-method status="PASS" signature="nameBefore(java.lang.reflect.Method)[pri:0, instance:com.ebay.testcases.TC_001VerifyIfSerachHasResults@527740a2]" name="nameBefore" is-config="true" duration-ms="5" started-at="2019-01-31T10:37:08Z" finished-at="2019-01-31T10:37:08Z">
          <params>
            <param index="0">
              <value>
                <![CDATA[public void com.ebay.testcases.TC_001VerifyIfSerachHasResults.searchForitems(java.lang.String)]]>
              </value>
            </param>
          </params>
          <reporter-output>
          </reporter-output>
        </test-method> <!-- nameBefore -->
        <test-method status="PASS" signature="searchForitems(java.lang.String)[pri:1, instance:com.ebay.testcases.TC_001VerifyIfSerachHasResults@527740a2]" name="searchForitems" duration-ms="23557" started-at="2019-01-31T10:37:08Z" data-provider="Product data" finished-at="2019-01-31T10:37:32Z">
          <params>
            <param index="0">
              <value>
                <![CDATA[TV]]>
              </value>
            </param>
          </params>
          <reporter-output>
          </reporter-output>
        </test-method> <!-- searchForitems -->
        <test-method status="PASS" signature="getResult(org.testng.ITestResult)[pri:0, instance:com.ebay.testcases.TC_001VerifyIfSerachHasResults@527740a2]" name="getResult" is-config="true" duration-ms="4" started-at="2019-01-31T10:37:32Z" finished-at="2019-01-31T10:37:32Z">
          <params>
            <param index="0">
              <value>
                <![CDATA[[TestResult name=searchForitems status=SUCCESS method=TC_001VerifyIfSerachHasResults.searchForitems(java.lang.String)[pri:1, instance:com.ebay.testcases.TC_001VerifyIfSerachHasResults@527740a2] output={null}]]]>
              </value>
            </param>
          </params>
          <reporter-output>
          </reporter-output>
        </test-method> <!-- getResult -->
        <test-method status="PASS" signature="nameBefore(java.lang.reflect.Method)[pri:0, instance:com.ebay.testcases.TC_001VerifyIfSerachHasResults@527740a2]" name="nameBefore" is-config="true" duration-ms="1" started-at="2019-01-31T10:37:32Z" finished-at="2019-01-31T10:37:32Z">
          <params>
            <param index="0">
              <value>
                <![CDATA[public void com.ebay.testcases.TC_001VerifyIfSerachHasResults.searchForitems(java.lang.String)]]>
              </value>
            </param>
          </params>
          <reporter-output>
          </reporter-output>
        </test-method> <!-- nameBefore -->
        <test-method status="FAIL" signature="searchForitems(java.lang.String)[pri:1, instance:com.ebay.testcases.TC_001VerifyIfSerachHasResults@527740a2]" name="searchForitems" duration-ms="21262" started-at="2019-01-31T10:37:32Z" data-provider="Product data" finished-at="2019-01-31T10:37:53Z">
          <params>
            <param index="0">
              <value>
                <![CDATA[abcd]]>
              </value>
            </param>
          </params>
          <exception class="java.lang.AssertionError">
            <message>
              <![CDATA[No products is found forabcd]]>
            </message>
            <full-stacktrace>
              <![CDATA[java.lang.AssertionError: No products is found forabcd
at org.testng.Assert.fail(Assert.java:96)
at org.testng.Assert.assertNotEquals(Assert.java:1157)
at com.ebay.testcases.TC_001VerifyIfSerachHasResults.searchForitems(TC_001VerifyIfSerachHasResults.java:37)
at sun.reflect.NativeMethodAccessorImpl.invoke0(Native Method)
at sun.reflect.NativeMethodAccessorImpl.invoke(NativeMethodAccessorImpl.java:62)
at sun.reflect.DelegatingMethodAccessorImpl.invoke(DelegatingMethodAccessorImpl.java:43)
at java.lang.reflect.Method.invoke(Method.java:498)
at org.testng.internal.MethodInvocationHelper.invokeMethod(MethodInvocationHelper.java:124)
at org.testng.internal.Invoker.invokeMethod(Invoker.java:580)
at org.testng.internal.Invoker.invokeTestMethod(Invoker.java:716)
at org.testng.internal.Invoker.invokeTestMethods(Invoker.java:988)
at org.testng.internal.TestMethodWorker.invokeTestMethods(TestMethodWorker.java:125)
at org.testng.internal.TestMethodWorker.run(TestMethodWorker.java:109)
at org.testng.TestRunner.privateRun(TestRunner.java:648)
at org.testng.TestRunner.run(TestRunner.java:505)
at org.testng.SuiteRunner.runTest(SuiteRunner.java:455)
at org.testng.SuiteRunner.runSequentially(SuiteRunner.java:450)
at org.testng.SuiteRunner.privateRun(SuiteRunner.java:415)
at org.testng.SuiteRunner.run(SuiteRunner.java:364)
at org.testng.SuiteRunnerWorker.runSuite(SuiteRunnerWorker.java:52)
at org.testng.SuiteRunnerWorker.run(SuiteRunnerWorker.java:84)
at org.testng.TestNG.runSuitesSequentially(TestNG.java:1208)
at org.testng.TestNG.runSuitesLocally(TestNG.java:1137)
at org.testng.TestNG.runSuites(TestNG.java:1049)
at org.testng.TestNG.run(TestNG.java:1017)
at org.testng.remote.AbstractRemoteTestNG.run(AbstractRemoteTestNG.java:114)
at org.testng.remote.RemoteTestNG.initAndRun(RemoteTestNG.java:251)
at org.testng.remote.RemoteTestNG.main(RemoteTestNG.java:77)
]]>
            </full-stacktrace>
          </exception> <!-- java.lang.AssertionError -->
          <reporter-output>
          </reporter-output>
        </test-method> <!-- searchForitems -->
        <test-method status="PASS" signature="getResult(org.testng.ITestResult)[pri:0, instance:com.ebay.testcases.TC_001VerifyIfSerachHasResults@527740a2]" name="getResult" is-config="true" duration-ms="8983" started-at="2019-01-31T10:37:53Z" finished-at="2019-01-31T10:38:02Z">
          <params>
            <param index="0">
              <value>
                <![CDATA[[TestResult name=searchForitems status=FAILURE method=TC_001VerifyIfSerachHasResults.searchForitems(java.lang.String)[pri:1, instance:com.ebay.testcases.TC_001VerifyIfSerachHasResults@527740a2] output={null}]]]>
              </value>
            </param>
          </params>
          <reporter-output>
          </reporter-output>
        </test-method> <!-- getResult -->
        <test-method status="PASS" signature="appClose()[pri:0, instance:com.ebay.testcases.TC_001VerifyIfSerachHasResults@527740a2]" name="appClose" is-config="true" duration-ms="485" started-at="2019-01-31T10:38:02Z" finished-at="2019-01-31T10:38:03Z">
          <reporter-output>
          </reporter-output>
        </test-method> <!-- appClose -->
        <test-method status="PASS" signature="closeExtentReport()[pri:0, instance:com.ebay.testcases.TC_001VerifyIfSerachHasResults@527740a2]" name="closeExtentReport" is-config="true" duration-ms="1191" started-at="2019-01-31T10:38:03Z" finished-at="2019-01-31T10:38:04Z">
          <reporter-output>
          </reporter-output>
        </test-method> <!-- closeExtentReport -->
      </class> <!-- com.ebay.testcases.TC_001VerifyIfSerachHasResults -->
    </test> <!-- Default test -->
  </suite> <!-- Default suite -->
</testng-results>
